2018-01-27 12:44:42,180 INFO  [Log] **************************************************************************************** 
2018-01-27 12:44:42,181 INFO  [Log] **************************************************************************************** 
2018-01-27 12:44:42,182 INFO  [Log] $$$$$$$$$$$$$$$$$$$$$                 Test Suite Begin         $$$$$$$$$$$$$$$$$$$$$$$$$ 
2018-01-27 12:44:42,182 INFO  [Log] **************************************************************************************** 
2018-01-27 12:44:42,182 INFO  [Log] **************************************************************************************** 
2018-01-27 12:44:42,182 INFO  [Log] Loading properties file 
2018-01-27 12:44:42,189 INFO  [Log] Start class 
2018-01-27 12:44:42,190 INFO  [Log] Setting the data engine object 
2018-01-27 12:44:43,109 INFO  [Log] **************************************************************************************** 
2018-01-27 12:44:43,109 INFO  [Log] **************************************************************************************** 
2018-01-27 12:44:43,109 INFO  [Log] **************************************************************************************** 
2018-01-27 12:44:43,109 INFO  [Log] $$$$$$$$$$$$$$$$$$$$$                 TC001       $$$$$$$$$$$$$$$$$$$$$$$$$ 
2018-01-27 12:44:43,109 INFO  [Log] **************************************************************************************** 
2018-01-27 12:44:43,109 INFO  [Log] **************************************************************************************** 
2018-01-27 12:44:43,109 INFO  [Log] **************************************************************************************** 
2018-01-27 12:44:43,110 INFO  [Log] **************************************************************************************** 
2018-01-27 12:44:43,110 INFO  [Log] $$$$$$$$$$$$$$$$$$$$$                 TC006       $$$$$$$$$$$$$$$$$$$$$$$$$ 
2018-01-27 12:44:43,110 INFO  [Log] **************************************************************************************** 
2018-01-27 12:44:43,110 INFO  [Log] **************************************************************************************** 
2018-01-27 12:44:43,110 INFO  [Log] **************************************************************************************** 
2018-01-27 12:44:43,111 INFO  [Log] **************************************************************************************** 
2018-01-27 12:44:43,111 INFO  [Log] $$$$$$$$$$$$$$$$$$$$$                 TC002       $$$$$$$$$$$$$$$$$$$$$$$$$ 
2018-01-27 12:44:43,111 INFO  [Log] **************************************************************************************** 
2018-01-27 12:44:43,111 INFO  [Log] **************************************************************************************** 
2018-01-27 12:44:43,111 INFO  [Log] **************************************************************************************** 
2018-01-27 12:44:43,111 INFO  [Log] **************************************************************************************** 
2018-01-27 12:44:43,111 INFO  [Log] $$$$$$$$$$$$$$$$$$$$$                 TC008       $$$$$$$$$$$$$$$$$$$$$$$$$ 
2018-01-27 12:44:43,111 INFO  [Log] **************************************************************************************** 
2018-01-27 12:44:43,111 INFO  [Log] **************************************************************************************** 
2018-01-27 12:44:43,111 INFO  [Log] **************************************************************************************** 
2018-01-27 12:44:43,111 INFO  [Log] **************************************************************************************** 
2018-01-27 12:44:43,111 INFO  [Log] $$$$$$$$$$$$$$$$$$$$$                 TC010       $$$$$$$$$$$$$$$$$$$$$$$$$ 
2018-01-27 12:44:43,111 INFO  [Log] **************************************************************************************** 
2018-01-27 12:44:43,111 INFO  [Log] **************************************************************************************** 
2018-01-27 12:44:43,109 INFO  [Log] **************************************************************************************** 
2018-01-27 12:44:43,112 INFO  [Log] $$$$$$$$$$$$$$$$$$$$$                 TC009       $$$$$$$$$$$$$$$$$$$$$$$$$ 
2018-01-27 12:44:43,112 INFO  [Log] **************************************************************************************** 
2018-01-27 12:44:43,112 INFO  [Log] **************************************************************************************** 
2018-01-27 12:44:43,112 INFO  [Log] **************************************************************************************** 
2018-01-27 12:44:43,112 INFO  [Log] **************************************************************************************** 
2018-01-27 12:44:43,112 INFO  [Log] $$$$$$$$$$$$$$$$$$$$$                 TC007       $$$$$$$$$$$$$$$$$$$$$$$$$ 
2018-01-27 12:44:43,112 INFO  [Log] **************************************************************************************** 
2018-01-27 12:44:43,112 INFO  [Log] **************************************************************************************** 
2018-01-27 12:44:43,111 INFO  [Log] Launching browser in local 
2018-01-27 12:44:43,118 INFO  [Log] Launching browser in local 
2018-01-27 12:44:43,119 INFO  [Log] Launching browser in local 
2018-01-27 12:44:43,110 INFO  [Log] **************************************************************************************** 
2018-01-27 12:44:43,122 INFO  [Log] **************************************************************************************** 
2018-01-27 12:44:43,122 INFO  [Log] Launching browser in local 
2018-01-27 12:44:43,110 INFO  [Log] **************************************************************************************** 
2018-01-27 12:44:43,122 INFO  [Log] **************************************************************************************** 
2018-01-27 12:44:43,122 INFO  [Log] $$$$$$$$$$$$$$$$$$$$$                 TC005       $$$$$$$$$$$$$$$$$$$$$$$$$ 
2018-01-27 12:44:43,122 INFO  [Log] **************************************************************************************** 
2018-01-27 12:44:43,122 INFO  [Log] **************************************************************************************** 
2018-01-27 12:44:43,124 INFO  [Log] Launching browser in local 
2018-01-27 12:44:43,110 INFO  [Log] **************************************************************************************** 
2018-01-27 12:44:43,125 INFO  [Log] **************************************************************************************** 
2018-01-27 12:44:43,125 INFO  [Log] $$$$$$$$$$$$$$$$$$$$$                 TC003       $$$$$$$$$$$$$$$$$$$$$$$$$ 
2018-01-27 12:44:43,125 INFO  [Log] **************************************************************************************** 
2018-01-27 12:44:43,125 INFO  [Log] **************************************************************************************** 
2018-01-27 12:44:43,129 INFO  [Log] Launching browser in local 
2018-01-27 12:44:43,132 INFO  [Log] Launching browser in local 
2018-01-27 12:44:43,122 INFO  [Log] $$$$$$$$$$$$$$$$$$$$$                 TC004       $$$$$$$$$$$$$$$$$$$$$$$$$ 
2018-01-27 12:44:43,134 INFO  [Log] **************************************************************************************** 
2018-01-27 12:44:43,134 INFO  [Log] **************************************************************************************** 
2018-01-27 12:44:43,136 INFO  [Log] Launching browser in local 
2018-01-27 12:44:43,138 INFO  [Log] Launching browser in local 
2018-01-27 12:44:43,139 INFO  [Log] Launching browser in local 
2018-01-27 12:44:54,495 INFO  [Log] Redirecting to url - https://mpower.tvo.org/educators/#/login/ 
2018-01-27 12:44:54,524 INFO  [Log] Redirecting to url - http://www.store.demoqa.com 
2018-01-27 12:44:55,379 INFO  [Log] Redirecting to url - https://mpower.tvo.org/educators/#/login/ 
2018-01-27 12:44:55,385 INFO  [Log] Redirecting to url - https://mpower.tvo.org/educators/#/login/ 
2018-01-27 12:44:55,413 INFO  [Log] Redirecting to url - https://mpower.tvo.org/educators/#/login/ 
2018-01-27 12:44:55,570 INFO  [Log] Redirecting to url - https://www.avivainsurance.ca/ 
2018-01-27 12:44:56,366 INFO  [Log] Redirecting to url - https://mpower.tvo.org/educators/#/login/ 
2018-01-27 12:44:56,415 INFO  [Log] Redirecting to url - https://mpower.tvo.org/educators/#/login/ 
2018-01-27 12:44:56,921 INFO  [Log] Redirecting to url - https://mpower.tvo.org/educators/#/login/ 
2018-01-27 12:44:56,946 INFO  [Log] Redirecting to url - https://www.avivainsurance.ca/ 
2018-01-27 12:45:07,642 ERROR [Log] Error redirecting browser | Exception Description - unknown error: cannot determine loading status
from unknown error: missing or invalid 'entry.level'
  (Session info: chrome=63.0.3239.132)
  (Driver info: chromedriver=2.29.461591 (62ebf098771772160f391d75e589dc567915b233),platform=Windows NT 10.0.16299 x86_64) (WARNING: The server did not provide any stacktrace information)
Command duration or timeout: 10.70 seconds
Build info: version: '3.4.0', revision: 'unknown', time: 'unknown'
System info: host: 'DOSI', ip: '192.168.2.14', os.name: 'Windows 10', os.arch: 'amd64', os.version: '10.0', java.version: '1.8.0_101'
Driver info: org.openqa.selenium.chrome.ChromeDriver
Capabilities [{applicationCacheEnabled=false, rotatable=false, mobileEmulationEnabled=false, networkConnectionEnabled=false, chrome={chromedriverVersion=2.29.461591 (62ebf098771772160f391d75e589dc567915b233), userDataDir=C:\Users\Pdosi87\AppData\Local\Temp\scoped_dir468_11193}, takesHeapSnapshot=true, pageLoadStrategy=normal, databaseEnabled=false, handlesAlerts=true, hasTouchScreen=false, version=63.0.3239.132, platform=XP, browserConnectionEnabled=false, nativeEvents=true, acceptSslCerts=true, locationContextEnabled=true, webStorageEnabled=true, browserName=chrome, takesScreenshot=true, javascriptEnabled=true, cssSelectorsEnabled=true, unexpectedAlertBehaviour=}]
Session ID: b3248dac7a7e69703ed6919cd5635d6c 
2018-01-27 12:45:07,693 INFO  [Log] XXXXXXXXXXXXXXXXXXXXXXX             -E---N---D-             XXXXXXXXXXXXXXXXXXXXXX 
2018-01-27 12:45:07,693 INFO  [Log] X 
2018-01-27 12:45:07,694 INFO  [Log] X 
2018-01-27 12:45:07,694 INFO  [Log] X 
2018-01-27 12:45:07,694 INFO  [Log] X 
2018-01-27 12:45:11,377 ERROR [Log] Error redirecting browser | Exception Description - unknown error: cannot determine loading status
from unknown error: missing or invalid 'entry.level'
  (Session info: chrome=63.0.3239.132)
  (Driver info: chromedriver=2.29.461591 (62ebf098771772160f391d75e589dc567915b233),platform=Windows NT 10.0.16299 x86_64) (WARNING: The server did not provide any stacktrace information)
Command duration or timeout: 16.88 seconds
Build info: version: '3.4.0', revision: 'unknown', time: 'unknown'
System info: host: 'DOSI', ip: '192.168.2.14', os.name: 'Windows 10', os.arch: 'amd64', os.version: '10.0', java.version: '1.8.0_101'
Driver info: org.openqa.selenium.chrome.ChromeDriver
Capabilities [{applicationCacheEnabled=false, rotatable=false, mobileEmulationEnabled=false, networkConnectionEnabled=false, chrome={chromedriverVersion=2.29.461591 (62ebf098771772160f391d75e589dc567915b233), userDataDir=C:\Users\Pdosi87\AppData\Local\Temp\scoped_dir13436_10401}, takesHeapSnapshot=true, pageLoadStrategy=normal, databaseEnabled=false, handlesAlerts=true, hasTouchScreen=false, version=63.0.3239.132, platform=XP, browserConnectionEnabled=false, nativeEvents=true, acceptSslCerts=true, locationContextEnabled=true, webStorageEnabled=true, browserName=chrome, takesScreenshot=true, javascriptEnabled=true, cssSelectorsEnabled=true, unexpectedAlertBehaviour=}]
Session ID: ad62372c232a7b07fb4eba6200aa9bf5 
2018-01-27 12:45:11,379 INFO  [Log] XXXXXXXXXXXXXXXXXXXXXXX             -E---N---D-             XXXXXXXXXXXXXXXXXXXXXX 
2018-01-27 12:45:11,379 INFO  [Log] X 
2018-01-27 12:45:11,379 INFO  [Log] X 
2018-01-27 12:45:11,379 INFO  [Log] X 
2018-01-27 12:45:11,379 INFO  [Log] X 
2018-01-27 12:45:19,499 ERROR [Log] Error redirecting browser | Exception Description - unknown error: cannot determine loading status
from unknown error: missing or invalid 'entry.level'
  (Session info: chrome=63.0.3239.132)
  (Driver info: chromedriver=2.29.461591 (62ebf098771772160f391d75e589dc567915b233),platform=Windows NT 10.0.16299 x86_64) (WARNING: The server did not provide any stacktrace information)
Command duration or timeout: 24.12 seconds
Build info: version: '3.4.0', revision: 'unknown', time: 'unknown'
System info: host: 'DOSI', ip: '192.168.2.14', os.name: 'Windows 10', os.arch: 'amd64', os.version: '10.0', java.version: '1.8.0_101'
Driver info: org.openqa.selenium.chrome.ChromeDriver
Capabilities [{applicationCacheEnabled=false, rotatable=false, mobileEmulationEnabled=false, networkConnectionEnabled=false, chrome={chromedriverVersion=2.29.461591 (62ebf098771772160f391d75e589dc567915b233), userDataDir=C:\Users\Pdosi87\AppData\Local\Temp\scoped_dir12928_12311}, takesHeapSnapshot=true, pageLoadStrategy=normal, databaseEnabled=false, handlesAlerts=true, hasTouchScreen=false, version=63.0.3239.132, platform=XP, browserConnectionEnabled=false, nativeEvents=true, acceptSslCerts=true, locationContextEnabled=true, webStorageEnabled=true, browserName=chrome, takesScreenshot=true, javascriptEnabled=true, cssSelectorsEnabled=true, unexpectedAlertBehaviour=}]
Session ID: ddc906709f9e59edd15d789c91944e71 
2018-01-27 12:45:19,501 INFO  [Log] XXXXXXXXXXXXXXXXXXXXXXX             -E---N---D-             XXXXXXXXXXXXXXXXXXXXXX 
2018-01-27 12:45:19,501 INFO  [Log] X 
2018-01-27 12:45:19,501 INFO  [Log] X 
2018-01-27 12:45:19,501 INFO  [Log] X 
2018-01-27 12:45:19,501 INFO  [Log] X 
2018-01-27 12:45:23,846 ERROR [Log] Error redirecting browser | Exception Description - unknown error: cannot determine loading status
from unknown error: missing or invalid 'entry.level'
  (Session info: chrome=63.0.3239.132)
  (Driver info: chromedriver=2.29.461591 (62ebf098771772160f391d75e589dc567915b233),platform=Windows NT 10.0.16299 x86_64) (WARNING: The server did not provide any stacktrace information)
Command duration or timeout: 28.28 seconds
Build info: version: '3.4.0', revision: 'unknown', time: 'unknown'
System info: host: 'DOSI', ip: '192.168.2.14', os.name: 'Windows 10', os.arch: 'amd64', os.version: '10.0', java.version: '1.8.0_101'
Driver info: org.openqa.selenium.chrome.ChromeDriver
Capabilities [{applicationCacheEnabled=false, rotatable=false, mobileEmulationEnabled=false, networkConnectionEnabled=false, chrome={chromedriverVersion=2.29.461591 (62ebf098771772160f391d75e589dc567915b233), userDataDir=C:\Users\Pdosi87\AppData\Local\Temp\scoped_dir12656_17335}, takesHeapSnapshot=true, pageLoadStrategy=normal, databaseEnabled=false, handlesAlerts=true, hasTouchScreen=false, version=63.0.3239.132, platform=XP, browserConnectionEnabled=false, nativeEvents=true, acceptSslCerts=true, locationContextEnabled=true, webStorageEnabled=true, browserName=chrome, takesScreenshot=true, javascriptEnabled=true, cssSelectorsEnabled=true, unexpectedAlertBehaviour=}]
Session ID: e62aa1c0267b7dc61e769a3d6e74df42 
2018-01-27 12:45:23,848 INFO  [Log] XXXXXXXXXXXXXXXXXXXXXXX             -E---N---D-             XXXXXXXXXXXXXXXXXXXXXX 
2018-01-27 12:45:23,848 INFO  [Log] X 
2018-01-27 12:45:23,848 INFO  [Log] X 
2018-01-27 12:45:23,848 INFO  [Log] X 
2018-01-27 12:45:23,848 INFO  [Log] X 
2018-01-27 12:45:25,548 ERROR [Log] Error redirecting browser | Exception Description - unknown error: missing or invalid 'entry.level'
  (Session info: chrome=63.0.3239.132)
  (Driver info: chromedriver=2.29.461591 (62ebf098771772160f391d75e589dc567915b233),platform=Windows NT 10.0.16299 x86_64) (WARNING: The server did not provide any stacktrace information)
Command duration or timeout: 28.60 seconds
Build info: version: '3.4.0', revision: 'unknown', time: 'unknown'
System info: host: 'DOSI', ip: '192.168.2.14', os.name: 'Windows 10', os.arch: 'amd64', os.version: '10.0', java.version: '1.8.0_101'
Driver info: org.openqa.selenium.chrome.ChromeDriver
Capabilities [{applicationCacheEnabled=false, rotatable=false, mobileEmulationEnabled=false, networkConnectionEnabled=false, chrome={chromedriverVersion=2.29.461591 (62ebf098771772160f391d75e589dc567915b233), userDataDir=C:\Users\Pdosi87\AppData\Local\Temp\scoped_dir6840_23600}, takesHeapSnapshot=true, pageLoadStrategy=normal, databaseEnabled=false, handlesAlerts=true, hasTouchScreen=false, version=63.0.3239.132, platform=XP, browserConnectionEnabled=false, nativeEvents=true, acceptSslCerts=true, locationContextEnabled=true, webStorageEnabled=true, browserName=chrome, takesScreenshot=true, javascriptEnabled=true, cssSelectorsEnabled=true, unexpectedAlertBehaviour=}]
Session ID: 6cb1b95211120dbfa990764028161639 
2018-01-27 12:45:25,550 INFO  [Log] XXXXXXXXXXXXXXXXXXXXXXX             -E---N---D-             XXXXXXXXXXXXXXXXXXXXXX 
2018-01-27 12:45:25,550 INFO  [Log] X 
2018-01-27 12:45:25,550 INFO  [Log] X 
2018-01-27 12:45:25,550 INFO  [Log] X 
2018-01-27 12:45:25,550 INFO  [Log] X 
2018-01-27 12:45:27,692 ERROR [Log] Error redirecting browser | Exception Description - unknown error: cannot determine loading status
from unknown error: missing or invalid 'entry.level'
  (Session info: chrome=63.0.3239.132)
  (Driver info: chromedriver=2.29.461591 (62ebf098771772160f391d75e589dc567915b233),platform=Windows NT 10.0.16299 x86_64) (WARNING: The server did not provide any stacktrace information)
Command duration or timeout: 31.28 seconds
Build info: version: '3.4.0', revision: 'unknown', time: 'unknown'
System info: host: 'DOSI', ip: '192.168.2.14', os.name: 'Windows 10', os.arch: 'amd64', os.version: '10.0', java.version: '1.8.0_101'
Driver info: org.openqa.selenium.chrome.ChromeDriver
Capabilities [{applicationCacheEnabled=false, rotatable=false, mobileEmulationEnabled=false, networkConnectionEnabled=false, chrome={chromedriverVersion=2.29.461591 (62ebf098771772160f391d75e589dc567915b233), userDataDir=C:\Users\Pdosi87\AppData\Local\Temp\scoped_dir11196_9558}, takesHeapSnapshot=true, pageLoadStrategy=normal, databaseEnabled=false, handlesAlerts=true, hasTouchScreen=false, version=63.0.3239.132, platform=XP, browserConnectionEnabled=false, nativeEvents=true, acceptSslCerts=true, locationContextEnabled=true, webStorageEnabled=true, browserName=chrome, takesScreenshot=true, javascriptEnabled=true, cssSelectorsEnabled=true, unexpectedAlertBehaviour=}]
Session ID: ef59782c43c827677427836aa1cb3ab7 
2018-01-27 12:45:27,694 INFO  [Log] XXXXXXXXXXXXXXXXXXXXXXX             -E---N---D-             XXXXXXXXXXXXXXXXXXXXXX 
2018-01-27 12:45:27,694 INFO  [Log] X 
2018-01-27 12:45:27,694 INFO  [Log] X 
2018-01-27 12:45:27,694 INFO  [Log] X 
2018-01-27 12:45:27,694 INFO  [Log] X 
2018-01-27 12:45:28,384 ERROR [Log] Error redirecting browser | Exception Description - unknown error: cannot determine loading status
from unknown error: missing or invalid 'entry.level'
  (Session info: chrome=63.0.3239.132)
  (Driver info: chromedriver=2.29.461591 (62ebf098771772160f391d75e589dc567915b233),platform=Windows NT 10.0.16299 x86_64) (WARNING: The server did not provide any stacktrace information)
Command duration or timeout: 33.00 seconds
Build info: version: '3.4.0', revision: 'unknown', time: 'unknown'
System info: host: 'DOSI', ip: '192.168.2.14', os.name: 'Windows 10', os.arch: 'amd64', os.version: '10.0', java.version: '1.8.0_101'
Driver info: org.openqa.selenium.chrome.ChromeDriver
Capabilities [{applicationCacheEnabled=false, rotatable=false, mobileEmulationEnabled=false, networkConnectionEnabled=false, chrome={chromedriverVersion=2.29.461591 (62ebf098771772160f391d75e589dc567915b233), userDataDir=C:\Users\Pdosi87\AppData\Local\Temp\scoped_dir7284_4627}, takesHeapSnapshot=true, pageLoadStrategy=normal, databaseEnabled=false, handlesAlerts=true, hasTouchScreen=false, version=63.0.3239.132, platform=XP, browserConnectionEnabled=false, nativeEvents=true, acceptSslCerts=true, locationContextEnabled=true, webStorageEnabled=true, browserName=chrome, takesScreenshot=true, javascriptEnabled=true, cssSelectorsEnabled=true, unexpectedAlertBehaviour=}]
Session ID: cc4900815d60c3ab1ba7366d9dbbbe51 
2018-01-27 12:45:28,387 INFO  [Log] XXXXXXXXXXXXXXXXXXXXXXX             -E---N---D-             XXXXXXXXXXXXXXXXXXXXXX 
2018-01-27 12:45:28,387 INFO  [Log] X 
2018-01-27 12:45:28,387 INFO  [Log] X 
2018-01-27 12:45:28,387 INFO  [Log] X 
2018-01-27 12:45:28,387 INFO  [Log] X 
2018-01-27 12:45:29,332 INFO  [Log] Clicking on a webelement 
2018-01-27 12:45:33,663 ERROR [Log] Error redirecting browser | Exception Description - unknown error: cannot determine loading status
from unknown error: missing or invalid 'entry.level'
  (Session info: chrome=63.0.3239.132)
  (Driver info: chromedriver=2.29.461591 (62ebf098771772160f391d75e589dc567915b233),platform=Windows NT 10.0.16299 x86_64) (WARNING: The server did not provide any stacktrace information)
Command duration or timeout: 37.30 seconds
Build info: version: '3.4.0', revision: 'unknown', time: 'unknown'
System info: host: 'DOSI', ip: '192.168.2.14', os.name: 'Windows 10', os.arch: 'amd64', os.version: '10.0', java.version: '1.8.0_101'
Driver info: org.openqa.selenium.chrome.ChromeDriver
Capabilities [{applicationCacheEnabled=false, rotatable=false, mobileEmulationEnabled=false, networkConnectionEnabled=false, chrome={chromedriverVersion=2.29.461591 (62ebf098771772160f391d75e589dc567915b233), userDataDir=C:\Users\Pdosi87\AppData\Local\Temp\scoped_dir1648_25708}, takesHeapSnapshot=true, pageLoadStrategy=normal, databaseEnabled=false, handlesAlerts=true, hasTouchScreen=false, version=63.0.3239.132, platform=XP, browserConnectionEnabled=false, nativeEvents=true, acceptSslCerts=true, locationContextEnabled=true, webStorageEnabled=true, browserName=chrome, takesScreenshot=true, javascriptEnabled=true, cssSelectorsEnabled=true, unexpectedAlertBehaviour=}]
Session ID: e1fd7088cb6e0e87fa8810d24348c0ab 
2018-01-27 12:45:33,666 INFO  [Log] XXXXXXXXXXXXXXXXXXXXXXX             -E---N---D-             XXXXXXXXXXXXXXXXXXXXXX 
2018-01-27 12:45:33,666 INFO  [Log] X 
2018-01-27 12:45:33,666 INFO  [Log] X 
2018-01-27 12:45:33,666 INFO  [Log] X 
2018-01-27 12:45:33,666 INFO  [Log] X 
2018-01-27 12:45:38,881 INFO  [Log] Clicking on a webelement 
2018-01-27 12:45:39,393 ERROR [Log] Error while clicking on a webelement | Exception Description - unknown error: cannot determine loading status
from unknown error: missing or invalid 'entry.level'
  (Session info: chrome=63.0.3239.132)
  (Driver info: chromedriver=2.29.461591 (62ebf098771772160f391d75e589dc567915b233),platform=Windows NT 10.0.16299 x86_64) (WARNING: The server did not provide any stacktrace information)
Command duration or timeout: 9.50 seconds
Build info: version: '3.4.0', revision: 'unknown', time: 'unknown'
System info: host: 'DOSI', ip: '192.168.2.14', os.name: 'Windows 10', os.arch: 'amd64', os.version: '10.0', java.version: '1.8.0_101'
Driver info: org.openqa.selenium.chrome.ChromeDriver
Capabilities [{applicationCacheEnabled=false, rotatable=false, mobileEmulationEnabled=false, networkConnectionEnabled=false, chrome={chromedriverVersion=2.29.461591 (62ebf098771772160f391d75e589dc567915b233), userDataDir=C:\Users\Pdosi87\AppData\Local\Temp\scoped_dir15604_5331}, takesHeapSnapshot=true, pageLoadStrategy=normal, databaseEnabled=false, handlesAlerts=true, hasTouchScreen=false, version=63.0.3239.132, platform=XP, browserConnectionEnabled=false, nativeEvents=true, acceptSslCerts=true, locationContextEnabled=true, webStorageEnabled=true, browserName=chrome, takesScreenshot=true, javascriptEnabled=true, cssSelectorsEnabled=true, unexpectedAlertBehaviour=}]
Session ID: 6088cd1bf4a74abd969c6f0a2edd1cd9 
2018-01-27 12:45:39,394 INFO  [Log] XXXXXXXXXXXXXXXXXXXXXXX             -E---N---D-             XXXXXXXXXXXXXXXXXXXXXX 
2018-01-27 12:45:39,394 INFO  [Log] X 
2018-01-27 12:45:39,394 INFO  [Log] X 
2018-01-27 12:45:39,394 INFO  [Log] X 
2018-01-27 12:45:39,394 INFO  [Log] X 
2018-01-27 12:45:47,911 ERROR [Log] Error while clicking on a webelement | Exception Description - null 
2018-01-27 12:45:47,913 INFO  [Log] XXXXXXXXXXXXXXXXXXXXXXX             -E---N---D-             XXXXXXXXXXXXXXXXXXXXXX 
2018-01-27 12:45:47,913 INFO  [Log] X 
2018-01-27 12:45:47,913 INFO  [Log] X 
2018-01-27 12:45:47,913 INFO  [Log] X 
2018-01-27 12:45:47,913 INFO  [Log] X 
2018-01-27 12:45:47,914 INFO  [Log] Saving the result 
2018-04-22 12:40:28,860 INFO  [Log] **************************************************************************************** 
2018-04-22 12:40:28,860 INFO  [Log] **************************************************************************************** 
2018-04-22 12:40:28,860 INFO  [Log] $$$$$$$$$$$$$$$$$$$$$                 Test Suite Begin         $$$$$$$$$$$$$$$$$$$$$$$$$ 
2018-04-22 12:40:28,860 INFO  [Log] **************************************************************************************** 
2018-04-22 12:40:28,860 INFO  [Log] **************************************************************************************** 
2018-04-22 12:40:28,860 INFO  [Log] Loading properties file 
2018-04-22 12:40:28,865 INFO  [Log] Start class 
2018-04-22 12:40:28,865 INFO  [Log] Setting the data engine object 
2018-04-22 12:40:29,738 INFO  [Log] **************************************************************************************** 
2018-04-22 12:40:29,738 INFO  [Log] **************************************************************************************** 
2018-04-22 12:40:29,738 INFO  [Log] $$$$$$$$$$$$$$$$$$$$$                 TC001       $$$$$$$$$$$$$$$$$$$$$$$$$ 
2018-04-22 12:40:29,738 INFO  [Log] **************************************************************************************** 
2018-04-22 12:40:29,738 INFO  [Log] **************************************************************************************** 
2018-04-22 12:40:29,739 INFO  [Log] Launching browser in local 
2018-04-22 12:40:32,765 INFO  [Log] Redirecting to url - http://www.store.demoqa.com 
2018-04-22 12:40:36,285 INFO  [Log] Clicking on a webelement 
2018-04-22 12:40:37,872 INFO  [Log] Entering data - testuser_3 
2018-04-22 12:40:38,061 INFO  [Log] Entering data - Test@123 
2018-04-22 12:40:38,225 INFO  [Log] Clicking on a webelement 
2018-04-22 12:40:38,361 INFO  [Log] Force wait for 4 seconds 
2018-04-22 12:40:42,364 INFO  [Log] Closing the browser 
2018-04-22 12:40:51,643 INFO  [Log] XXXXXXXXXXXXXXXXXXXXXXX             -E---N---D-             XXXXXXXXXXXXXXXXXXXXXX 
2018-04-22 12:40:51,643 INFO  [Log] X 
2018-04-22 12:40:51,644 INFO  [Log] X 
2018-04-22 12:40:51,644 INFO  [Log] X 
2018-04-22 12:40:51,644 INFO  [Log] X 
2018-04-22 12:40:51,646 INFO  [Log] **************************************************************************************** 
2018-04-22 12:40:51,646 INFO  [Log] **************************************************************************************** 
2018-04-22 12:40:51,646 INFO  [Log] $$$$$$$$$$$$$$$$$$$$$                 TC002       $$$$$$$$$$$$$$$$$$$$$$$$$ 
2018-04-22 12:40:51,646 INFO  [Log] **************************************************************************************** 
2018-04-22 12:40:51,646 INFO  [Log] **************************************************************************************** 
2018-04-22 12:40:51,651 INFO  [Log] Launching browser in local 
2018-04-22 12:40:54,106 INFO  [Log] Redirecting to url - https://mpower.tvo.org/educators/#/login/ 
2018-04-22 12:40:57,325 INFO  [Log] Clicking on a webelement 
2018-04-22 12:40:57,556 INFO  [Log] Reading data from a webelement 
2018-04-22 12:40:57,648 INFO  [Log] Force wait for 2 seconds 
2018-04-22 12:40:59,649 INFO  [Log] Closing the browser 
2018-04-22 12:41:08,898 INFO  [Log] XXXXXXXXXXXXXXXXXXXXXXX             -E---N---D-             XXXXXXXXXXXXXXXXXXXXXX 
2018-04-22 12:41:08,898 INFO  [Log] X 
2018-04-22 12:41:08,898 INFO  [Log] X 
2018-04-22 12:41:08,898 INFO  [Log] X 
2018-04-22 12:41:08,899 INFO  [Log] X 
2018-04-22 12:41:08,951 INFO  [Log] Saving the result 
2018-10-23 17:22:56,939 INFO  [Log] **************************************************************************************** 
2018-10-23 17:22:56,939 INFO  [Log] **************************************************************************************** 
2018-10-23 17:22:56,939 INFO  [Log] $$$$$$$$$$$$$$$$$$$$$                 Test Suite Begin         $$$$$$$$$$$$$$$$$$$$$$$$$ 
2018-10-23 17:22:56,939 INFO  [Log] **************************************************************************************** 
2018-10-23 17:22:56,939 INFO  [Log] **************************************************************************************** 
2018-10-23 17:22:56,939 INFO  [Log] Loading properties file 
2018-10-23 17:22:56,946 INFO  [Log] Start class 
2018-10-23 17:22:56,946 INFO  [Log] Setting the data engine object 
2018-10-23 17:22:57,628 INFO  [Log] **************************************************************************************** 
2018-10-23 17:22:57,628 INFO  [Log] **************************************************************************************** 
2018-10-23 17:22:57,628 INFO  [Log] $$$$$$$$$$$$$$$$$$$$$                 TC001       $$$$$$$$$$$$$$$$$$$$$$$$$ 
2018-10-23 17:22:57,628 INFO  [Log] **************************************************************************************** 
2018-10-23 17:22:57,628 INFO  [Log] **************************************************************************************** 
2018-10-23 17:22:57,630 INFO  [Log] Launching browser in local 
2018-10-23 17:23:05,590 INFO  [Log] Redirecting to url - http://www.store.demoqa.com 
2018-10-23 17:23:12,367 INFO  [Log] Clicking on a webelement 
2018-10-23 17:23:14,389 INFO  [Log] Entering data - testuser_3 
2018-10-23 17:23:15,346 INFO  [Log] Entering data - Test@123 
2018-10-23 17:23:15,631 INFO  [Log] Clicking on a webelement 
2018-10-23 17:23:15,747 INFO  [Log] Force wait for 4 seconds 
2018-10-23 17:23:19,747 INFO  [Log] Closing the browser 
2018-10-23 17:23:21,891 INFO  [Log] XXXXXXXXXXXXXXXXXXXXXXX             -E---N---D-             XXXXXXXXXXXXXXXXXXXXXX 
2018-10-23 17:23:21,892 INFO  [Log] X 
2018-10-23 17:23:21,892 INFO  [Log] X 
2018-10-23 17:23:21,892 INFO  [Log] X 
2018-10-23 17:23:21,892 INFO  [Log] X 
2018-10-23 17:23:21,895 INFO  [Log] **************************************************************************************** 
2018-10-23 17:23:21,895 INFO  [Log] **************************************************************************************** 
2018-10-23 17:23:21,895 INFO  [Log] $$$$$$$$$$$$$$$$$$$$$                 TC002       $$$$$$$$$$$$$$$$$$$$$$$$$ 
2018-10-23 17:23:21,895 INFO  [Log] **************************************************************************************** 
2018-10-23 17:23:21,895 INFO  [Log] **************************************************************************************** 
2018-10-23 17:23:21,896 INFO  [Log] Launching browser in local 
2018-10-23 17:23:24,716 INFO  [Log] Redirecting to url - https://mpower.tvo.org/educators/#/login/ 
2018-10-23 17:23:41,359 INFO  [Log] Clicking on a webelement 
2018-10-23 17:23:46,682 ERROR [Log] Error while clicking on a webelement | Exception Description - null 
2018-10-23 17:23:46,685 INFO  [Log] XXXXXXXXXXXXXXXXXXXXXXX             -E---N---D-             XXXXXXXXXXXXXXXXXXXXXX 
2018-10-23 17:23:46,685 INFO  [Log] X 
2018-10-23 17:23:46,685 INFO  [Log] X 
2018-10-23 17:23:46,685 INFO  [Log] X 
2018-10-23 17:23:46,685 INFO  [Log] X 
2018-10-23 17:23:46,719 INFO  [Log] Saving the result 
2018-11-10 11:06:43,110 INFO  [Log] **************************************************************************************** 
2018-11-10 11:06:43,110 INFO  [Log] **************************************************************************************** 
2018-11-10 11:06:43,110 INFO  [Log] $$$$$$$$$$$$$$$$$$$$$                 Test Suite Begin         $$$$$$$$$$$$$$$$$$$$$$$$$ 
2018-11-10 11:06:43,110 INFO  [Log] **************************************************************************************** 
2018-11-10 11:06:43,110 INFO  [Log] **************************************************************************************** 
2018-11-10 11:06:43,110 INFO  [Log] Loading properties file 
2018-11-10 11:06:43,142 INFO  [Log] Start class 
2018-11-10 11:06:43,142 INFO  [Log] Setting the data engine object 
2018-11-10 11:06:44,393 INFO  [Log] **************************************************************************************** 
2018-11-10 11:06:44,393 INFO  [Log] **************************************************************************************** 
2018-11-10 11:06:44,393 INFO  [Log] $$$$$$$$$$$$$$$$$$$$$                 TC001       $$$$$$$$$$$$$$$$$$$$$$$$$ 
2018-11-10 11:06:44,393 INFO  [Log] **************************************************************************************** 
2018-11-10 11:06:44,393 INFO  [Log] **************************************************************************************** 
2018-11-10 11:06:44,393 INFO  [Log] Launching browser in local 
2018-11-10 11:06:48,716 INFO  [Log] Redirecting to url - http://www.store.demoqa.com 
2018-11-10 11:06:49,150 ERROR [Log] Error redirecting browser | Exception Description - unknown error: cannot determine loading status
from unknown error: cannot determine loading status
from disconnected: received Inspector.detached event
  (Session info: chrome=70.0.3538.77)
  (Driver info: chromedriver=2.36.540470 (e522d04694c7ebea4ba8821272dbef4f9b818c91),platform=Windows NT 10.0.17134 x86_64) (WARNING: The server did not provide any stacktrace information)
Command duration or timeout: 420 milliseconds
Build info: version: '3.4.0', revision: 'unknown', time: 'unknown'
System info: host: 'RAGAVANSPC', ip: '192.168.2.11', os.name: 'Windows 10', os.arch: 'amd64', os.version: '10.0', java.version: '1.8.0_191'
Driver info: org.openqa.selenium.chrome.ChromeDriver
Capabilities [{applicationCacheEnabled=false, rotatable=false, mobileEmulationEnabled=false, networkConnectionEnabled=false, chrome={chromedriverVersion=2.36.540470 (e522d04694c7ebea4ba8821272dbef4f9b818c91), userDataDir=C:\Users\ragav\AppData\Local\Temp\scoped_dir8240_32039}, takesHeapSnapshot=true, pageLoadStrategy=normal, databaseEnabled=false, handlesAlerts=true, hasTouchScreen=false, version=70.0.3538.77, platform=XP, browserConnectionEnabled=false, nativeEvents=true, acceptSslCerts=false, acceptInsecureCerts=false, locationContextEnabled=true, webStorageEnabled=true, browserName=chrome, takesScreenshot=true, javascriptEnabled=true, cssSelectorsEnabled=true, setWindowRect=true, unexpectedAlertBehaviour=}]
Session ID: aa09cf02c55761d84897747b2c7d7198 
2018-11-10 11:06:49,150 INFO  [Log] XXXXXXXXXXXXXXXXXXXXXXX             -E---N---D-             XXXXXXXXXXXXXXXXXXXXXX 
2018-11-10 11:06:49,150 INFO  [Log] X 
2018-11-10 11:06:49,150 INFO  [Log] X 
2018-11-10 11:06:49,150 INFO  [Log] X 
2018-11-10 11:06:49,150 INFO  [Log] X 
2018-11-10 11:06:49,150 INFO  [Log] **************************************************************************************** 
2018-11-10 11:06:49,150 INFO  [Log] **************************************************************************************** 
2018-11-10 11:06:49,150 INFO  [Log] $$$$$$$$$$$$$$$$$$$$$                 TC002       $$$$$$$$$$$$$$$$$$$$$$$$$ 
2018-11-10 11:06:49,150 INFO  [Log] **************************************************************************************** 
2018-11-10 11:06:49,150 INFO  [Log] **************************************************************************************** 
2018-11-10 11:06:49,150 INFO  [Log] Launching browser in local 
2018-11-10 11:06:51,093 INFO  [Log] Redirecting to url - https://mpower.tvo.org/educators/#/login/ 
2018-11-10 11:06:52,713 INFO  [Log] Clicking on a webelement 
2018-11-10 11:06:57,955 ERROR [Log] Error while clicking on a webelement | Exception Description - null 
2018-11-10 11:06:57,955 INFO  [Log] XXXXXXXXXXXXXXXXXXXXXXX             -E---N---D-             XXXXXXXXXXXXXXXXXXXXXX 
2018-11-10 11:06:57,955 INFO  [Log] X 
2018-11-10 11:06:57,955 INFO  [Log] X 
2018-11-10 11:06:57,955 INFO  [Log] X 
2018-11-10 11:06:57,955 INFO  [Log] X 
2018-11-10 11:06:58,001 INFO  [Log] Saving the result 
